<?xml version="1.0" encoding="UTF-8"?>
<!-- Generated by org.testng.reporters.JUnitReportReporter -->
<testsuite hostname="Elcot" name="com.org.learningmaven.MyclassTest" tests="1" failures="0" timestamp="8 Nov 2018 16:45:34 GMT" time="0.001" errors="0">
  <testcase name="run" time="0.001" classname="com.org.learningmaven.MyclassTest"/>
</testsuite>
