<?xml version="1.0" encoding="UTF-8"?>
<!-- Generated by org.testng.reporters.JUnitReportReporter -->
<testsuite skipped="0" hostname="Elcot" name="com.org.learningmaven.MyTest" tests="1" failures="0" timestamp="08 Nov 2018 01:25:53 GMT" time="0.025" errors="0">
  <testcase name="setup" time="0.025" classname="com.org.learningmaven.MyTest"/>
</testsuite> <!-- com.org.learningmaven.MyTest -->
