<?xml version="1.0" encoding="UTF-8"?>
<!-- Generated by org.testng.reporters.JUnitReportReporter -->
<testsuite skipped="0" hostname="Elcot" name="com.org.learningmaven.MyclassTest" tests="1" failures="0" timestamp="08 Nov 2018 01:25:53 GMT" time="0.002" errors="0">
  <testcase name="run" time="0.002" classname="com.org.learningmaven.MyclassTest"/>
</testsuite> <!-- com.org.learningmaven.MyclassTest -->
